<?xml version="1.0" encoding="UTF-8"?>
<testng-results skipped="0" failed="0" total="1" passed="1">
  <reporter-output>
  </reporter-output>
  <suite name="Calculator.CalculatorAutomation.SmokeTest" duration-ms="6020" started-at="2018-09-24T12:31:39Z" finished-at="2018-09-24T12:31:45Z">
    <groups>
    </groups>
    <test name="Command line test" duration-ms="6020" started-at="2018-09-24T12:31:39Z" finished-at="2018-09-24T12:31:45Z">
      <class name="Calculator.CalculatorAutomation.SmokeTest">
        <test-method status="PASS" signature="beforeTest()[pri:0, instance:Calculator.CalculatorAutomation.SmokeTest@67b64c45]" name="beforeTest" is-config="true" duration-ms="2706" started-at="2018-09-24T08:31:39Z" finished-at="2018-09-24T08:31:42Z">
          <reporter-output>
          </reporter-output>
        </test-method> <!-- beforeTest -->
        <test-method status="PASS" signature="f()[pri:0, instance:Calculator.CalculatorAutomation.SmokeTest@67b64c45]" name="f" duration-ms="2695" started-at="2018-09-24T08:31:42Z" finished-at="2018-09-24T08:31:44Z">
          <reporter-output>
          </reporter-output>
        </test-method> <!-- f -->
        <test-method status="PASS" signature="afterTest()[pri:0, instance:Calculator.CalculatorAutomation.SmokeTest@67b64c45]" name="afterTest" is-config="true" duration-ms="613" started-at="2018-09-24T08:31:44Z" finished-at="2018-09-24T08:31:45Z">
          <reporter-output>
          </reporter-output>
        </test-method> <!-- afterTest -->
      </class> <!-- Calculator.CalculatorAutomation.SmokeTest -->
    </test> <!-- Command line test -->
  </suite> <!-- Calculator.CalculatorAutomation.SmokeTest -->
</testng-results>
