<?xml version="1.0" encoding="UTF-8"?>
<testng-results skipped="0" failed="0" total="1" passed="1">
  <reporter-output>
  </reporter-output>
  <suite name="Suite" duration-ms="5982" started-at="2018-09-24T12:46:50Z" finished-at="2018-09-24T12:46:56Z">
    <groups>
    </groups>
    <test name="Test" duration-ms="5982" started-at="2018-09-24T12:46:50Z" finished-at="2018-09-24T12:46:56Z">
      <class name="Calculator.CalculatorAutomation.SmokeTest">
        <test-method status="PASS" signature="beforeTest()[pri:0, instance:Calculator.CalculatorAutomation.SmokeTest@643b1d11]" name="beforeTest" is-config="true" duration-ms="2709" started-at="2018-09-24T08:46:50Z" finished-at="2018-09-24T08:46:52Z">
          <reporter-output>
          </reporter-output>
        </test-method> <!-- beforeTest -->
        <test-method status="PASS" signature="f()[pri:0, instance:Calculator.CalculatorAutomation.SmokeTest@643b1d11]" name="f" duration-ms="2645" started-at="2018-09-24T08:46:52Z" finished-at="2018-09-24T08:46:55Z">
          <reporter-output>
          </reporter-output>
        </test-method> <!-- f -->
        <test-method status="PASS" signature="afterTest()[pri:0, instance:Calculator.CalculatorAutomation.SmokeTest@643b1d11]" name="afterTest" is-config="true" duration-ms="619" started-at="2018-09-24T08:46:55Z" finished-at="2018-09-24T08:46:56Z">
          <reporter-output>
          </reporter-output>
        </test-method> <!-- afterTest -->
      </class> <!-- Calculator.CalculatorAutomation.SmokeTest -->
    </test> <!-- Test -->
  </suite> <!-- Suite -->
</testng-results>
